Determining if the pthread_create exist failed with the following output:
Change Dir: /home/skc/opencv_work/mainmoil_t265_cuda/build/CMakeFiles/CMakeTmp

Run Build Command:"/usr/bin/make" "cmTC_85b51/fast"
/usr/bin/make -f CMakeFiles/cmTC_85b51.dir/build.make CMakeFiles/cmTC_85b51.dir/build
make[1]: Entering directory '/home/skc/opencv_work/mainmoil_t265_cuda/build/CMakeFiles/CMakeTmp'
Building C object CMakeFiles/cmTC_85b51.dir/CheckSymbolExists.c.o
/usr/bin/cc   -fPIC    -o CMakeFiles/cmTC_85b51.dir/CheckSymbolExists.c.o   -c /home/skc/opencv_work/mainmoil_t265_cuda/build/CMakeFiles/CMakeTmp/CheckSymbolExists.c
Linking C executable cmTC_85b51
/usr/bin/cmake -E cmake_link_script CMakeFiles/cmTC_85b51.dir/link.txt --verbose=1
/usr/bin/cc -fPIC     -rdynamic CMakeFiles/cmTC_85b51.dir/CheckSymbolExists.c.o  -o cmTC_85b51 
CMakeFiles/cmTC_85b51.dir/CheckSymbolExists.c.o: In function `main':
CheckSymbolExists.c:(.text+0x1b): undefined reference to `pthread_create'
collect2: error: ld returned 1 exit status
CMakeFiles/cmTC_85b51.dir/build.make:97: recipe for target 'cmTC_85b51' failed
make[1]: *** [cmTC_85b51] Error 1
make[1]: Leaving directory '/home/skc/opencv_work/mainmoil_t265_cuda/build/CMakeFiles/CMakeTmp'
Makefile:126: recipe for target 'cmTC_85b51/fast' failed
make: *** [cmTC_85b51/fast] Error 2

File /home/skc/opencv_work/mainmoil_t265_cuda/build/CMakeFiles/CMakeTmp/CheckSymbolExists.c:
/* */
#include <pthread.h>

int main(int argc, char** argv)
{
  (void)argv;
#ifndef pthread_create
  return ((int*)(&pthread_create))[argc];
#else
  (void)argc;
  return 0;
#endif
}

Determining if the function pthread_create exists in the pthreads failed with the following output:
Change Dir: /home/skc/opencv_work/mainmoil_t265_cuda/build/CMakeFiles/CMakeTmp

Run Build Command:"/usr/bin/make" "cmTC_e2cab/fast"
/usr/bin/make -f CMakeFiles/cmTC_e2cab.dir/build.make CMakeFiles/cmTC_e2cab.dir/build
make[1]: Entering directory '/home/skc/opencv_work/mainmoil_t265_cuda/build/CMakeFiles/CMakeTmp'
Building C object CMakeFiles/cmTC_e2cab.dir/CheckFunctionExists.c.o
/usr/bin/cc   -fPIC -DCHECK_FUNCTION_EXISTS=pthread_create   -o CMakeFiles/cmTC_e2cab.dir/CheckFunctionExists.c.o   -c /usr/share/cmake-3.10/Modules/CheckFunctionExists.c
Linking C executable cmTC_e2cab
/usr/bin/cmake -E cmake_link_script CMakeFiles/cmTC_e2cab.dir/link.txt --verbose=1
/usr/bin/cc -fPIC -DCHECK_FUNCTION_EXISTS=pthread_create    -rdynamic CMakeFiles/cmTC_e2cab.dir/CheckFunctionExists.c.o  -o cmTC_e2cab -lpthreads 
/usr/bin/ld: cannot find -lpthreads
collect2: error: ld returned 1 exit status
CMakeFiles/cmTC_e2cab.dir/build.make:97: recipe for target 'cmTC_e2cab' failed
make[1]: *** [cmTC_e2cab] Error 1
make[1]: Leaving directory '/home/skc/opencv_work/mainmoil_t265_cuda/build/CMakeFiles/CMakeTmp'
Makefile:126: recipe for target 'cmTC_e2cab/fast' failed
make: *** [cmTC_e2cab/fast] Error 2


